This is XeTeX, Version 3.14159265-2.6-0.99998 (MiKTeX 2.9.6600) (preloaded format=xelatex 2018.1.30)  2 MAR 2018 17:18
entering extended mode
**cv.tex
(../cv.tex
LaTeX2e <2017-04-15>
Babel <3.17> and hyphenation patterns for 75 language(s) loaded.

! LaTeX Error: File `friggeri-cv.cls' not found.

Type X to quit or <RETURN> to proceed,
or enter new name. (Default extension: cls)

Enter file name: X
! Interruption.
<to be read again> 
                   }
l.22 \usepackage
                [danish]{babel}^^M
? X
 
Here is how much of TeX's memory you used:
 11 strings out of 427834
 104 string characters out of 3147547
 61055 words of memory out of 3000000
 4067 multiletter control sequences out of 15000+200000
 3640 words of font info for 14 fonts, out of 3000000 for 9000
 1328 hyphenation exceptions out of 8191
 10i,0n,7p,138b,8s stack positions out of 5000i,500n,10000p,200000b,50000s
No pages of output.
